This is pdfTeX, Version 3.14159265-2.6-1.40.15 (TeX Live 2014) (preloaded format=latex 2014.10.31)  17 SEP 2018 11:11
entering extended mode
 restricted \write18 enabled.
 %&-line parsing enabled.
**\makeatletter\def\HCode{\futurelet\HCode\HChar}\def\HChar{\ifx"\HCode\def\HCo
de"##1"{\Link##1}\expandafter\HCode\else\expandafter\Link\fi}\def\Link#1.a.b.c.
{\g@addto@macro\@documentclasshook{\RequirePackage[#1,html]{tex4ht}}\let\HCode\
documentstyle\def\documentstyle{\let\documentstyle\HCode\expandafter\def\csname
 tex4ht\endcsname{#1,html}\def\HCode####1{\documentstyle[tex4ht,}\@ifnextchar[{
\HCode}{\documentstyle[tex4ht]}}}\makeatother\HCode html,3,sec-filename.a.b.c.\
input  sched.tex
(./sched.tex
(/home/local/Linux/rhel6/x86_64/stow/texlive2014-20140525/texlive/2014/texmf-di
st/tex/latex/base/report.cls
Document Class: report 2007/10/19 v1.4h Standard LaTeX document class

(/home/local/Linux/rhel6/x86_64/stow/texlive2014-20140525/texlive/2014/texmf-di
st/tex/latex/base/size10.clo
File: size10.clo 2007/10/19 v1.4h Standard LaTeX file (size option)
)
\c@part=\count79
\c@chapter=\count80
\c@section=\count81
\c@subsection=\count82
\c@subsubsection=\count83
\c@paragraph=\count84
\c@subparagraph=\count85
\c@figure=\count86
\c@table=\count87
\abovecaptionskip=\skip41
\belowcaptionskip=\skip42
\bibindent=\dimen102
)
(/home/local/Linux/rhel6/x86_64/stow/texlive2014-20140525/texlive/2014/texmf-di
st/tex/generic/tex4ht/tex4ht.sty
version 2008-10-27-17:23
Package: tex4ht 
--------------------------------------
--- Note --- for _ at preamble, use the command line option `early_'
--------------------------------------
--------------------------------------
--- Note --- for ^ at preamble, use the command line option `early^'
--------------------------------------
\tmp:toks=\toks14
)
(/home/local/Linux/rhel6/x86_64/stow/texlive2014-20140525/texlive/2014/texmf-di
st/tex/generic/tex4ht/usepackage.4ht
version 2009-05-21-09:32
)
(/home/local/Linux/rhel6/x86_64/stow/texlive2014-20140525/texlive/2014/texmf-di
st/tex/latex/tools/verbatim.sty
Package: verbatim 2003/08/22 v1.5q LaTeX2e package for verbatim enhancements
\every@verbatim=\toks15
\verbatim@line=\toks16
\verbatim@in@stream=\read1
)
(/home/local/Linux/rhel6/x86_64/stow/texlive2014-20140525/texlive/2014/texmf-di
st/tex/latex/graphics/color.sty
Package: color 2014/04/23 v1.1a Standard LaTeX Color (DPC)

(/home/local/Linux/rhel6/x86_64/stow/texlive2014-20140525/texlive/2014/texmf-di
st/tex/latex/latexconfig/color.cfg
File: color.cfg 2007/01/18 v1.5 color configuration of teTeX/TeXLive
)
Package color Info: Driver file: dvips.def on input line 137.

(/home/local/Linux/rhel6/x86_64/stow/texlive2014-20140525/texlive/2014/texmf-di
st/tex/latex/graphics/dvips.def
File: dvips.def 2014/04/23 v3.0j Driver-dependant file (DPC,SPQR)
)
(/home/local/Linux/rhel6/x86_64/stow/texlive2014-20140525/texlive/2014/texmf-di
st/tex/latex/graphics/dvipsnam.def
File: dvipsnam.def 2014/04/23 v3.0j Driver-dependant file (DPC,SPQR)
))
(/home/local/Linux/rhel6/x86_64/stow/texlive2014-20140525/texlive/2014/texmf-di
st/tex/latex/hyperref/hyperref.sty
Package: hyperref 2012/11/06 v6.83m Hypertext links for LaTeX

(/home/local/Linux/rhel6/x86_64/stow/texlive2014-20140525/texlive/2014/texmf-di
st/tex/generic/oberdiek/hobsub-hyperref.sty
Package: hobsub-hyperref 2012/05/28 v1.13 Bundle oberdiek, subset hyperref (HO)


(/home/local/Linux/rhel6/x86_64/stow/texlive2014-20140525/texlive/2014/texmf-di
st/tex/generic/oberdiek/hobsub-generic.sty
Package: hobsub-generic 2012/05/28 v1.13 Bundle oberdiek, subset generic (HO)
Package: hobsub 2012/05/28 v1.13 Construct package bundles (HO)
Package: infwarerr 2010/04/08 v1.3 Providing info/warning/error messages (HO)
Package: ltxcmds 2011/11/09 v1.22 LaTeX kernel commands for general use (HO)
Package: ifluatex 2010/03/01 v1.3 Provides the ifluatex switch (HO)
Package ifluatex Info: LuaTeX not detected.
Package: ifvtex 2010/03/01 v1.5 Detect VTeX and its facilities (HO)
Package ifvtex Info: VTeX not detected.
Package: intcalc 2007/09/27 v1.1 Expandable calculations with integers (HO)
Package: ifpdf 2011/01/30 v2.3 Provides the ifpdf switch (HO)
Package ifpdf Info: pdfTeX in PDF mode is not detected.
Package: etexcmds 2011/02/16 v1.5 Avoid name clashes with e-TeX commands (HO)
Package etexcmds Info: Could not find \expanded.
(etexcmds)             That can mean that you are not using pdfTeX 1.50 or
(etexcmds)             that some package has redefined \expanded.
(etexcmds)             In the latter case, load this package earlier.
Package: kvsetkeys 2012/04/25 v1.16 Key value parser (HO)
Package: kvdefinekeys 2011/04/07 v1.3 Define keys (HO)
Package: pdftexcmds 2011/11/29 v0.20 Utility functions of pdfTeX for LuaTeX (HO
)
Package pdftexcmds Info: LuaTeX not detected.
Package pdftexcmds Info: \pdf@primitive is available.
Package pdftexcmds Info: \pdf@ifprimitive is available.
Package pdftexcmds Info: \pdfdraftmode is ignored in DVI mode.
Package: pdfescape 2011/11/25 v1.13 Implements pdfTeX's escape features (HO)
Package: bigintcalc 2012/04/08 v1.3 Expandable calculations on big integers (HO
)
Package: bitset 2011/01/30 v1.1 Handle bit-vector datatype (HO)
Package: uniquecounter 2011/01/30 v1.2 Provide unlimited unique counter (HO)
)
Package hobsub Info: Skipping package `hobsub' (already loaded).
Package: letltxmacro 2010/09/02 v1.4 Let assignment for LaTeX macros (HO)
Package: hopatch 2012/05/28 v1.2 Wrapper for package hooks (HO)
Package: xcolor-patch 2011/01/30 xcolor patch
Package: atveryend 2011/06/30 v1.8 Hooks at the very end of document (HO)
Package atveryend Info: \enddocument detected (standard20110627).
Package: atbegshi 2011/10/05 v1.16 At begin shipout hook (HO)
Package: refcount 2011/10/16 v3.4 Data extraction from label references (HO)
Package: hycolor 2011/01/30 v1.7 Color options for hyperref/bookmark (HO)
)
(/home/local/Linux/rhel6/x86_64/stow/texlive2014-20140525/texlive/2014/texmf-di
st/tex/latex/graphics/keyval.sty
Package: keyval 2014/05/08 v1.15 key=value parser (DPC)
\KV@toks@=\toks17
)
(/home/local/Linux/rhel6/x86_64/stow/texlive2014-20140525/texlive/2014/texmf-di
st/tex/generic/ifxetex/ifxetex.sty
Package: ifxetex 2010/09/12 v0.6 Provides ifxetex conditional
)
(/home/local/Linux/rhel6/x86_64/stow/texlive2014-20140525/texlive/2014/texmf-di
st/tex/latex/oberdiek/auxhook.sty
Package: auxhook 2011/03/04 v1.3 Hooks for auxiliary files (HO)


Package auxhook Warning: Cannot patch \document,
(auxhook)                using \AtBeginDocument instead.

)
(/home/local/Linux/rhel6/x86_64/stow/texlive2014-20140525/texlive/2014/texmf-di
st/tex/latex/oberdiek/kvoptions.sty
Package: kvoptions 2011/06/30 v3.11 Key value format for package options (HO)
)
\@linkdim=\dimen103
\Hy@linkcounter=\count88
\Hy@pagecounter=\count89

(/home/local/Linux/rhel6/x86_64/stow/texlive2014-20140525/texlive/2014/texmf-di
st/tex/latex/hyperref/pd1enc.def
File: pd1enc.def 2012/11/06 v6.83m Hyperref: PDFDocEncoding definition (HO)
)
\Hy@SavedSpaceFactor=\count90

(/home/local/Linux/rhel6/x86_64/stow/texlive2014-20140525/texlive/2014/texmf-di
st/tex/latex/latexconfig/hyperref.cfg
File: hyperref.cfg 2002/06/06 v1.2 hyperref configuration of TeXLive
)
Package hyperref Info: Option `colorlinks' set `true' on input line 4319.
Package hyperref Info: Option `bookmarks' set `true' on input line 4319.
Package hyperref Info: Option `bookmarksopen' set `true' on input line 4319.
Package hyperref Info: Option `colorlinks' set `true' on input line 4319.
Package hyperref Info: Option `bookmarksnumbered' set `true' on input line 4319
.
Package hyperref Info: Hyper figures OFF on input line 4443.
Package hyperref Info: Link nesting OFF on input line 4448.
Package hyperref Info: Hyper index ON on input line 4451.
Package hyperref Info: Plain pages OFF on input line 4458.
Package hyperref Info: Backreferencing OFF on input line 4463.
Package hyperref Info: Implicit mode ON; LaTeX internals redefined.
Package hyperref Info: Bookmarks ON on input line 4688.
\c@Hy@tempcnt=\count91

(/home/local/Linux/rhel6/x86_64/stow/texlive2014-20140525/texlive/2014/texmf-di
st/tex/latex/url/url.sty
\Urlmuskip=\muskip10
Package: url 2013/09/16  ver 3.4  Verb mode for urls, etc.
)
LaTeX Info: Redefining \url on input line 5041.
\XeTeXLinkMargin=\dimen104
\Fld@menulength=\count92
\Field@Width=\dimen105
\Fld@charsize=\dimen106
\Field@toks=\toks18
Package hyperref Info: Hyper figures OFF on input line 6295.
Package hyperref Info: Link nesting OFF on input line 6300.
Package hyperref Info: Hyper index ON on input line 6303.
Package hyperref Info: backreferencing OFF on input line 6310.
Package hyperref Info: Link coloring ON on input line 6313.
Package hyperref Info: Link coloring with OCG OFF on input line 6320.
Package hyperref Info: PDF/A mode OFF on input line 6325.
LaTeX Info: Redefining \ref on input line 6365.
LaTeX Info: Redefining \pageref on input line 6369.
\Hy@abspage=\count93


Package hyperref Message: Stopped early.

)

Package hyperref Message: Driver: htex4ht.


(/home/local/Linux/rhel6/x86_64/stow/texlive2014-20140525/texlive/2014/texmf-di
st/tex/latex/hyperref/htex4ht.def
File: htex4ht.def 2012/11/06 v6.83m Hyperref driver for TeX4ht
Package hyperref Info: tex4ht is already loaded.
)
(/home/local/Linux/rhel6/x86_64/stow/texlive2014-20140525/texlive/2014/texmf-di
st/tex/generic/tex4ht/tex4ht.4ht
version 2009-01-07-07:11
--------------------------------------
--- Note --- for additional information, use the command line option `info'
--------------------------------------

::::::::::::::::::::::::::::::::::::::::::
 TeX4ht info is available in the log file 
::::::::::::::::::::::::::::::::::::::::::
)
(/home/local/Linux/rhel6/x86_64/stow/texlive2014-20140525/texlive/2014/texmf-di
st/tex/generic/tex4ht/tex4ht.sty
version 2008-10-27-17:23

--- needs --- tex4ht sched ---
\tmp:cnt=\count94
\openout15 = `sched.tmp'.

(./sched.tmp)
\tmp:dim=\skip43
--------------------------------------
--- Note --- for XML code, use the command line option `xml' or `xhtml'
--------------------------------------
 (./sched.xref)
\:refout=\write3
\openout3 = `sched.xref'.


(/home/local/Linux/rhel6/x86_64/stow/texlive2014-20140525/texlive/2014/texmf-di
st/tex/generic/tex4ht/html4.4ht
--------------------------------------
--- Note --- to remove the <?xml version=...?> processing instruction use the c
ommand line option `no-VERSION'
--------------------------------------
--------------------------------------
--- Note --- to remove the DOCTYPE declaration use the command line option `no-
DOCTYPE'
--------------------------------------
)
(/home/local/Linux/rhel6/x86_64/stow/texlive2014-20140525/texlive/2014/texmf-di
st/tex/generic/tex4ht/html4-math.4ht
version 2009-05-18-23:01
)
--------------------------------------
--- Note --- for marking of the base font, use the command line option `fonts+'

--------------------------------------
--------------------------------------
--- Note --- for non active _, use the command line option `no_'
--------------------------------------
--------------------------------------
--- Note --- for _ of catcode 13, use the command line option `_13'
--------------------------------------
--------------------------------------
--- Note --- for non active ^, use the command line option `no^'
--------------------------------------
--------------------------------------
--- Note --- for ^ of catcode 13, use the command line option `^13'
--------------------------------------

(/home/local/Linux/rhel6/x86_64/stow/texlive2014-20140525/texlive/2014/texmf-di
st/tex/generic/tex4ht/html4.4ht
--------------------------------------
--- Note --- for alternative charset, use the command line option `charset=...'

--------------------------------------
--------------------------------------
--- Note --- to ignore CSS font decoration, use the `NoFonts' command line opti
on
--------------------------------------
--------------------------------------
--- Note --- for jpg bitmaps of pictures, use the `jpg' command line option. (C
haracter bitmaps are controled only by `g' records of tex4ht.env and `-g' switc
hes of tex4ht.c) 
--------------------------------------
--------------------------------------
--- Note --- for gif bitmaps of pictures, use the `gif' command line option. (C
haracter bitmaps are controled only by `g' records of tex4ht.env and `-g' switc
hes of tex4ht.c) 
--------------------------------------
--------------------------------------
--- Note --- for content and toc in 2 frames, use the command line option `fram
es'
--------------------------------------
--------------------------------------
--- Note --- for content, toc, and footnotes in 3 frames, use the command line 
option `frames-fn'
--------------------------------------
--------------------------------------
--- Note --- for file extension name xht, use the command line option `xht'
--------------------------------------
TeX4ht package options: html,3,sec-filename
--------------------------------------
--- Note --- to ignore CSS code, use the command line option `-css
--------------------------------------
--------------------------------------
--- Note --- for inline CSS code, use the command line option `css-in'
--------------------------------------
--------------------------------------
--- Note --- for pop ups on mouse over, use the command line option `mouseover'

--------------------------------------
--------------------------------------
--- Note --- for addressing images in a subdirectory, use the command line opti
on `imgdir:.../'
--------------------------------------
)
(/home/local/Linux/rhel6/x86_64/stow/texlive2014-20140525/texlive/2014/texmf-di
st/tex/generic/tex4ht/html4-math.4ht
version 2009-05-18-23:01
)
\:tokwrite=\toks19
\:tokpage=\toks20
--------------------------------------
--- Note --- for back links to toc, use the command line option `sections+'
--------------------------------------
--------------------------------------
--- Note --- for linear crosslinks of pages, use the command line option `next'

--------------------------------------
\openout15 = `sched.4ct'.

\:tocout=\write4
\openout4 = `sched.4tc'.


(/home/local/Linux/rhel6/x86_64/stow/texlive2014-20140525/texlive/2014/texmf-di
st/tex/generic/tex4ht/html4.4ht)
(/home/local/Linux/rhel6/x86_64/stow/texlive2014-20140525/texlive/2014/texmf-di
st/tex/generic/tex4ht/html4-math.4ht
version 2009-05-18-23:01
)
(/home/local/Linux/rhel6/x86_64/stow/texlive2014-20140525/texlive/2014/texmf-di
st/tex/generic/tex4ht/latex.4ht
version 2009-05-21-09:32
--------------------------------------
--- Note --- for links into captions, instead of float heads, use the command l
ine option `refcaption'
--------------------------------------

(/home/local/Linux/rhel6/x86_64/stow/texlive2014-20140525/texlive/2014/texmf-di
st/tex/generic/tex4ht/html4.4ht
--------------------------------------
--- Note --- For mini tocs immediately aftter the header use the command line o
ption `minitoc<'
--------------------------------------
--------------------------------------
--- Note --- for enumerated list elements with valued data, use the command lin
e option `enumerate+'
--------------------------------------
--------------------------------------
--- Note --- for enumerated list elements li's with value attributes, use the c
ommand line option `enumerate-'
--------------------------------------
--------------------------------------
--- Note --- for CSS2 code, use the command line option `css2'
--------------------------------------
--------------------------------------
--- Note --- for pictorial tabular, use the command line option `pic-tabular'
--------------------------------------
--------------------------------------
--- Note --- for bitmap fbox'es, use the command line option `pic-fbox'
--------------------------------------
--------------------------------------
--- Note --- for bitmap framebox'es, use the command line option `pic-framebox'

--------------------------------------
--------------------------------------
--- Note --- for inline footnotes use command line option `fn-in'
--------------------------------------
--------------------------------------
--- Note --- for tracing of latex font commands, use the command line option `f
onts'
--------------------------------------
--------------------------------------
--- Note --- for width specifications of tabular p entries, use the `p-width' c
ommand line option or a configuration similar to \Configure{HColWidth}{\HCode{ 
style="width:\HColWidth"}}
--------------------------------------
)
(/home/local/Linux/rhel6/x86_64/stow/texlive2014-20140525/texlive/2014/texmf-di
st/tex/generic/tex4ht/html4-math.4ht
version 2009-05-18-23:01
--------------------------------------
--- Note --- for pictorial eqnarray, use the command line option `pic-eqnarray'

--------------------------------------
--------------------------------------
--- Note --- for pictorial array, use the command line option `pic-array'
--------------------------------------
--------------------------------------
--- Note --- for pictorial $...$ environments, use the command line option `pic
-m' (not recommended!!)
--------------------------------------
--------------------------------------
--- Note --- for pictorial $...$ and $$...$$ environments with latex alt, use t
he command line option `pic-m+' (not safe!!)
--------------------------------------
--------------------------------------
--- Note --- for pictorial array, use the command line option `pic-array'
--------------------------------------
))
(/home/local/Linux/rhel6/x86_64/stow/texlive2014-20140525/texlive/2014/texmf-di
st/tex/generic/tex4ht/fontmath.4ht
version 2009-05-21-09:32

(/home/local/Linux/rhel6/x86_64/stow/texlive2014-20140525/texlive/2014/texmf-di
st/tex/generic/tex4ht/html4.4ht)
(/home/local/Linux/rhel6/x86_64/stow/texlive2014-20140525/texlive/2014/texmf-di
st/tex/generic/tex4ht/html4-math.4ht
version 2009-05-18-23:01
))
(/home/local/Linux/rhel6/x86_64/stow/texlive2014-20140525/texlive/2014/texmf-di
st/tex/generic/tex4ht/report.4ht
version 2009-05-21-09:32

(/home/local/Linux/rhel6/x86_64/stow/texlive2014-20140525/texlive/2014/texmf-di
st/tex/generic/tex4ht/html4.4ht
--------------------------------------
--- Note --- for tocs without * entries, use command line option `notoc*'
--------------------------------------
--------------------------------------
--- Note --- for tocs without * entries, use command line option `notoc*'
--------------------------------------
--------------------------------------
--- Note --- for tocs without * entries, use command line option `notoc*'
--------------------------------------
--------------------------------------
--- Note --- to eliminate mini tables of contents, use the command line option 
`nominitoc'
--------------------------------------
--------------------------------------
--- Note --- to eliminate mini tables of contents, use the command line option 
`nominitoc'
--------------------------------------
--------------------------------------
--- Note --- for frames-like object-based table of contents, use the command li
ne option `obj-toc'
--------------------------------------
--------------------------------------
--- Note --- for i-columns index, use the command line option `index=i' (e.g., 
index=2)
--------------------------------------
)
(/home/local/Linux/rhel6/x86_64/stow/texlive2014-20140525/texlive/2014/texmf-di
st/tex/generic/tex4ht/html4-math.4ht
version 2009-05-18-23:01
))
(/home/local/Linux/rhel6/x86_64/stow/texlive2014-20140525/texlive/2014/texmf-di
st/tex/generic/tex4ht/verbatim.4ht
version 2009-05-21-09:32

(/home/local/Linux/rhel6/x86_64/stow/texlive2014-20140525/texlive/2014/texmf-di
st/tex/generic/tex4ht/html4.4ht)
(/home/local/Linux/rhel6/x86_64/stow/texlive2014-20140525/texlive/2014/texmf-di
st/tex/generic/tex4ht/html4-math.4ht
version 2009-05-18-23:01
))
(/home/local/Linux/rhel6/x86_64/stow/texlive2014-20140525/texlive/2014/texmf-di
st/tex/generic/tex4ht/color.4ht
version 2009-05-21-09:32

(/home/local/Linux/rhel6/x86_64/stow/texlive2014-20140525/texlive/2014/texmf-di
st/tex/generic/tex4ht/html4.4ht)
(/home/local/Linux/rhel6/x86_64/stow/texlive2014-20140525/texlive/2014/texmf-di
st/tex/generic/tex4ht/html4-math.4ht
version 2009-05-18-23:01
))
(/home/local/Linux/rhel6/x86_64/stow/texlive2014-20140525/texlive/2014/texmf-di
st/tex/generic/tex4ht/dvips.4ht
version 2009-05-21-09:32

(/home/local/Linux/rhel6/x86_64/stow/texlive2014-20140525/texlive/2014/texmf-di
st/tex/generic/tex4ht/html4.4ht)
(/home/local/Linux/rhel6/x86_64/stow/texlive2014-20140525/texlive/2014/texmf-di
st/tex/generic/tex4ht/html4-math.4ht
version 2009-05-18-23:01
))
(/home/local/Linux/rhel6/x86_64/stow/texlive2014-20140525/texlive/2014/texmf-di
st/tex/generic/tex4ht/dvipsnam.4ht
version 2009-05-21-09:32

(/home/local/Linux/rhel6/x86_64/stow/texlive2014-20140525/texlive/2014/texmf-di
st/tex/latex/graphics/dvipsnam.def)
(/home/local/Linux/rhel6/x86_64/stow/texlive2014-20140525/texlive/2014/texmf-di
st/tex/generic/tex4ht/html4.4ht)
(/home/local/Linux/rhel6/x86_64/stow/texlive2014-20140525/texlive/2014/texmf-di
st/tex/generic/tex4ht/html4-math.4ht
version 2009-05-18-23:01
))
(/home/local/Linux/rhel6/x86_64/stow/texlive2014-20140525/texlive/2014/texmf-di
st/tex/generic/tex4ht/hyperref.4ht
version 2011-01-30-16:01

(/home/local/Linux/rhel6/x86_64/stow/texlive2014-20140525/texlive/2014/texmf-di
st/tex/latex/hyperref/nameref.sty
Package: nameref 2012/10/27 v2.43 Cross-referencing by name of section

(/home/local/Linux/rhel6/x86_64/stow/texlive2014-20140525/texlive/2014/texmf-di
st/tex/generic/oberdiek/gettitlestring.sty
Package: gettitlestring 2010/12/03 v1.4 Cleanup title references (HO)
)
\c@section@level=\count95
)
(/home/local/Linux/rhel6/x86_64/stow/texlive2014-20140525/texlive/2014/texmf-di
st/tex/generic/tex4ht/nameref.4ht
version 2013-06-28-15:01

(/home/local/Linux/rhel6/x86_64/stow/texlive2014-20140525/texlive/2014/texmf-di
st/tex/generic/tex4ht/html4.4ht)
(/home/local/Linux/rhel6/x86_64/stow/texlive2014-20140525/texlive/2014/texmf-di
st/tex/generic/tex4ht/html4-math.4ht
version 2009-05-18-23:01
))
LaTeX Info: Redefining \autoref on input line 100.
\Hy@SectionHShift=\skip44

(/home/local/Linux/rhel6/x86_64/stow/texlive2014-20140525/texlive/2014/texmf-di
st/tex/generic/tex4ht/html4.4ht)
(/home/local/Linux/rhel6/x86_64/stow/texlive2014-20140525/texlive/2014/texmf-di
st/tex/generic/tex4ht/html4-math.4ht
version 2009-05-18-23:01
))
(/home/local/Linux/rhel6/x86_64/stow/texlive2014-20140525/texlive/2014/texmf-di
st/tex/generic/tex4ht/pd1enc.4ht
version 2009-05-21-09:32

(/home/local/Linux/rhel6/x86_64/stow/texlive2014-20140525/texlive/2014/texmf-di
st/tex/generic/tex4ht/html4.4ht)
(/home/local/Linux/rhel6/x86_64/stow/texlive2014-20140525/texlive/2014/texmf-di
st/tex/generic/tex4ht/html4-math.4ht
version 2009-05-18-23:01
))
(/home/local/Linux/rhel6/x86_64/stow/texlive2014-20140525/texlive/2014/texmf-di
st/tex/generic/tex4ht/url.4ht
version 2009-05-21-09:32

(/home/local/Linux/rhel6/x86_64/stow/texlive2014-20140525/texlive/2014/texmf-di
st/tex/generic/tex4ht/html4.4ht
--------------------------------------
--- Note --- for URL encoding within href use the command line option `url-enc'

--------------------------------------
)
(/home/local/Linux/rhel6/x86_64/stow/texlive2014-20140525/texlive/2014/texmf-di
st/tex/generic/tex4ht/html4-math.4ht
version 2009-05-18-23:01
))
(/home/local/Linux/rhel6/x86_64/stow/texlive2014-20140525/texlive/2014/texmf-di
st/tex/generic/tex4ht/html4.4ht)
(/home/local/Linux/rhel6/x86_64/stow/texlive2014-20140525/texlive/2014/texmf-di
st/tex/generic/tex4ht/html4-math.4ht
version 2009-05-18-23:01
)) (./sched.aux)
\openout1 = `sched.aux'.

LaTeX Font Info:    Checking defaults for OML/cmm/m/it on input line 136.
LaTeX Font Info:    ... okay on input line 136.
LaTeX Font Info:    Checking defaults for T1/cmr/m/n on input line 136.
LaTeX Font Info:    ... okay on input line 136.
LaTeX Font Info:    Checking defaults for OT1/cmr/m/n on input line 136.
LaTeX Font Info:    ... okay on input line 136.
LaTeX Font Info:    Checking defaults for OMS/cmsy/m/n on input line 136.
LaTeX Font Info:    ... okay on input line 136.
LaTeX Font Info:    Checking defaults for OMX/cmex/m/n on input line 136.
LaTeX Font Info:    ... okay on input line 136.
LaTeX Font Info:    Checking defaults for U/cmr/m/n on input line 136.
LaTeX Font Info:    ... okay on input line 136.
LaTeX Font Info:    Checking defaults for PD1/pdf/m/n on input line 136.
LaTeX Font Info:    ... okay on input line 136.
\AtBeginShipoutBox=\box26
Package hyperref Info: Link coloring ON on input line 136.
LaTeX Info: Redefining \ref on input line 136.
LaTeX Info: Redefining \pageref on input line 136.
LaTeX Info: Redefining \nameref on input line 136.
--- file sched.css ---
 [1

]
LaTeX Font Info:    External font `cmex10' loaded for size
(Font)              <12> on input line 140.
LaTeX Font Info:    External font `cmex10' loaded for size
(Font)              <8> on input line 140.
LaTeX Font Info:    External font `cmex10' loaded for size
(Font)              <6> on input line 140.
 [1] [1] (./sched.4ct
[2

])
\openout15 = `sched.tmp'.

 (./sched.tmp)
\openout15 = `sched.tmp'.

 (./sched.tmp)
--- file contentsname.html ---
 (./sched.4ct [3] [4]) (./sched.4ct [5])
\openout15 = `sched.tmp'.


(./sched.tmp)
\openout15 = `sched.tmp'.

 (./sched.tmp)
--- file labelSECNOTESImportantNotesPleasecheckthese.html ---
 [6] [7] [8] [9] [10] [11] [12] [13] [14]
\openout15 = `sched.tmp'.


(./sched.tmp)
\openout15 = `sched.tmp'.

 (./sched.tmp)
--- file labelSECLINKSLinkstoManualSectionsandtoExternalInformation.html ---
 [15

] [16] [17] [18] [19] [20] [21] [22] [23]
[24] [25] [26

] [27

]
Chapter 1.
\openout15 = `sched.tmp'.

(./sched.tmp)
\openout15 = `sched.tmp'.

 (./sched.tmp)
--- file labelCHPINTROINTRODUCTION.html ---
 (./sched.4ct)
\openout15 = `sched.tmp'.

 (./sched.tmp)
\openout15 = `sched.tmp'.

 (./sched.tmp)
--- file labelSECINTROOverview.html ---
 [28

]
[29]
\openout15 = `sched.tmp'.

 (./sched.tmp)
\openout15 = `sched.tmp'.

 (./sched.tmp)
--- file labelSECKEYINKeyinFreeformatInput.html ---
 [30

] [31] [32] [33]
\openout15 = `sched.tmp'.

 (./sched.tmp)
\openout15 = `sched.tmp'.

 (./sched.tmp)
--- file labelSECFILESSCHEDInputandOutputFiles.html ---
 [34

] [35] [36] [37] [38] [39] [40] [41] [42] [43] [44] [45] [46] [47]
[48] [49] [50] [51] [52] [53] [54] [55] [56] [57] [58] [59] [60] [61] [62]
[63] [64] [65] [66] [67] [68] [69] [70] [71] [72]
\openout15 = `sched.tmp'.

 (./sched.tmp)
\openout15 = `sched.tmp'.

 (./sched.tmp)
--- file labelSECEXAMPLESExamples.html ---

[73

] [74] [75] [76] [77] [78] [79] [80] [81] [82] [83] [84] [85] [86] [87]
[88] [89] [90] [91] [92] [93] [94] [95] [96] [97] [98] [99] [100] [101]
[102] [103] [104] [105] [106] [107] [108] [109] [110] [111] [112] [113]
[114] [115] [116] [117] [118] [119] [120] [121] [122] [123]
File: ../examples/manual_2.key  (verbatim)
 [124] [125]
[126]
File: ../examples/manual_simp.key  (verbatim)
 [127] [128] [129]
\openout15 = `sched.tmp'.

 (./sched.tmp)
\openout15 = `sched.tmp'.

 (./sched.tmp)
--- file labelSECPLOTPlotting.html ---
 [130

] [131] [132] [133]
[134] [135

] [136

]
Chapter 2.
\openout15 = `sched.tmp'.

(./sched.tmp)
\openout15 = `sched.tmp'.

 (./sched.tmp)
--- file labelCHPADVICEINFORMATIONANDADVICEONSPECIFICTOPICS.html ---
 (./sched.4ct)
\openout15 = `sched.tmp'.

 (./sched.tmp)
\openout15 = `sched.tmp'.

 (./sched.tmp)
--- file labelSECPLANNINGUsingSCHEDforProjectPlanning.html ---
 [137

]
[138]
\openout15 = `sched.tmp'.

 (./sched.tmp)
\openout15 = `sched.tmp'.

 (./sched.tmp)
--- file labelSECTIPSSchedulingTips.html ---
 [139

] [140] [141] [142] [143] [144] [145]
[146] [147] [148] [149] [150] [151] [152] [153] [154] [155] [156] [157]
[158] [159] [160] [161] [162] [163] [164] [165] [166] [167] [168] [169]
[170] [171] [172] [173] [174] [175] [176] [177] [178] [179] [180] [181]
[182] [183] [184] [185] [186] [187] [188] [189] [190] [191]
\openout15 = `sched.tmp'.

 (./sched.tmp)
\openout15 = `sched.tmp'.


(./sched.tmp)
--- file labelSECRECSYSRecordingSystems.html ---
 [192

] [193] [194] [195] [196] [197] [198] [199]
\openout15 = `sched.tmp'.

 (./sched.tmp)
\openout15 = `sched.tmp'.


(./sched.tmp)
--- file labelSECWIDEWideBandObservingRDBEDBBCVLBAandMarkIVModes.html ---
 [200

] [201]
LaTeX Font Info:    External font `cmex10' loaded for size
(Font)              <7> on input line 2997.
LaTeX Font Info:    External font `cmex10' loaded for size
(Font)              <5> on input line 2997.
 [202] [203] [204] [205

] [206

] [207

]
\openout15 = `sched.tmp'.

 (./sched.tmp)
\openout15 = `sched.tmp'.


(./sched.tmp)
--- file labelSECLINESpectralLineObservations.html ---
 [208

] [209] [210] [211] [212] [213] [214] [215] [216] [217]
[218] [219]
File: ../examples/manual_line.key  (verbatim)
 [220] [221] [222] [223] [224]
\openout15 = `sched.tmp'.

 (./sched.tmp)
\openout15 = `sched.tmp'.

 (./sched.tmp)
--- file labelSECREFPOINTReferencePointing.html ---
 [225

]
[226] [227] [228] [229] [230] [231] [232] [233] [234] [235] [236] [237]
[238]
\openout15 = `sched.tmp'.

 (./sched.tmp)
\openout15 = `sched.tmp'.

 (./sched.tmp)
--- file labelSECMULTIPLECENTERSMultiplePhaseCenters.html ---
 [239

] [240]
\openout15 = `sched.tmp'.

 (./sched.tmp)
\openout15 = `sched.tmp'.

 (./sched.tmp)
--- file labelSECGEOSEGAutomaticInsertionofGeodeticSegments.html ---

[241

] [242] [243]
\openout15 = `sched.tmp'.

 (./sched.tmp)
\openout15 = `sched.tmp'.

 (./sched.tmp)
--- file labelSECVLASchedulingtheVLA.html ---
 [244

] [245] [246]
\openout15 = `sched.tmp'.

 (./sched.tmp)
\openout15 = `sched.tmp'.


(./sched.tmp)
--- file labelSECINDIVSpecialConcernsforSpecificObservatories.html ---
 [247

]
\openout15 = `sched.tmp'.

 (./sched.tmp)
\openout15 = `sched.tmp'.

 (./sched.tmp)
--- file labelSECSPECIALVLBASingleDishVLBAObserving.html ---
 [248

] [249] [250] [251]
[252] [253] [254] [255] [256] [257] [258] [259]
File: ../examples/doptg.com  (verbatim)
 [260] [261] [262] [263]
[264] [265] [266]
\openout15 = `sched.tmp'.

 (./sched.tmp)
\openout15 = `sched.tmp'.

 (./sched.tmp)
--- file labelSECCONFIGConfigurationStudies.html ---
 [267

] [268] [269]
\openout15 = `sched.tmp'.

 (./sched.tmp)
\openout15 = `sched.tmp'.


(./sched.tmp)
--- file labelSECSATELSatelliteTracking.html ---
 [270

] [271] [272] [273] [274] [275] [276

] [277

]
Chapter 3.
\openout15 = `sched.tmp'.

(./sched.tmp)
\openout15 = `sched.tmp'.

 (./sched.tmp)
--- file labelCHPINPUTTHESCHEDINPUTFILESIncludesparameterlists.html ---
 (./sched.4ct)
\openout15 = `sched.tmp'.

 (./sched.tmp)
\openout15 = `sched.tmp'.

 (./sched.tmp)
--- file labelSECSCHPARTheScheduleFile.html ---
 [278

]
[279] [280] [281] [282] [283] [284] [285] [286] [287] [288] [289] [290]
[291] [292] [293] [294] [295] [296] [297] [298] [299] [300] [301] [302]
[303] [304] [305] [306] [307] [308] [309] [310] [311] [312] [313] [314]
[315] [316] [317] [318] [319] [320] [321] [322] [323] [324] [325] [326]
[327] [328] [329] [330] [331] [332] [333] [334] [335] [336] [337] [338]
[339] [340] [341] [342] [343] [344] [345] [346] [347] [348] [349] [350]
[351] [352] [353] [354] [355] [356] [357] [358] [359] [360] [361] [362]
[363] [364] [365] [366] [367] [368] [369] [370] [371] [372] [373] [374]
[375] [376] [377] [378] [379] [380] [381] [382] [383] [384] [385] [386]
[387] [388] [389] [390] [391] [392] [393] [394] [395] [396] [397] [398]
[399] [400] [401] [402] [403] [404] [405] [406] [407] [408] [409] [410]
[411] [412] [413] [414] [415] [416] [417] [418] [419] [420] [421] [422]
[423] [424] [425] [426] [427] [428] [429] [430] [431] [432] [433] [434]
[435] [436] [437] [438] [439] [440] [441] [442] [443] [444] [445] [446]
[447] [448] [449] [450] [451] [452] [453] [454] [455] [456] [457] [458]
[459] [460] [461] [462] [463] [464] [465] [466] [467] [468] [469] [470]
[471] [472] [473] [474] [475] [476] [477] [478] [479] [480] [481] [482]
[483] [484] [485] [486] [487] [488] [489] [490] [491] [492] [493] [494]
[495] [496] [497] [498] [499] [500] [501] [502] [503] [504] [505] [506]
[507] [508] [509] [510] [511] [512] [513] [514] [515] [516] [517] [518]
[519] [520] [521] [522] [523] [524] [525] [526] [527] [528] [529] [530]
[531] [532] [533] [534] [535] [536] [537] [538] [539] [540] [541] [542]
[543] [544] [545] [546] [547] [548] [549] [550] [551] [552] [553] [554]
[555] [556] [557] [558] [559] [560] [561] [562] [563] [564] [565] [566]
[567] [568] [569] [570] [571] [572] [573] [574] [575] [576] [577] [578]
[579] [580] [581] [582] [583] [584] [585] [586] [587] [588] [589] [590]
[591] [592] [593] [594] [595] [596] [597] [598] [599] [600] [601] [602]
[603] [604] [605] [606] [607] [608] [609] [610] [611] [612] [613] [614]
[615] [616] [617] [618] [619] [620] [621] [622] [623] [624] [625] [626]
[627] [628] [629]
\openout15 = `sched.tmp'.

 (./sched.tmp)
\openout15 = `sched.tmp'.

 (./sched.tmp)
--- file labelSECSRCCATSourceCatalog.html ---
 [630

] [631] [632] [633] [634]
[635] [636] [637] [638] [639] [640] [641] [642] [643] [644] [645] [646]
[647] [648] [649] [650] [651] [652] [653] [654] [655] [656]
\openout15 = `sched.tmp'.

 (./sched.tmp)
\openout15 = `sched.tmp'.


(./sched.tmp)
--- file labelSECSTACATStationCatalogandLocationsCatalog.html ---
 [657

] [658] [659] [660] [661] [662] [663] [664] [665] [666]
[667] [668] [669] [670] [671] [672] [673] [674] [675]
LaTeX Font Info:    Try loading font information for OMS+cmr on input line 1100
1.

(/home/local/Linux/rhel6/x86_64/stow/texlive2014-20140525/texlive/2014/texmf-di
st/tex/latex/base/omscmr.fd
File: omscmr.fd 1999/05/25 v2.5h Standard LaTeX font definitions
)
LaTeX Font Info:    Font shape `OMS/cmr/m/n' in size <10> not available
(Font)              Font shape `OMS/cmsy/m/n' tried instead on input line 11001
.
 [676] [677] [678] [679] [680] [681] [682] [683]
[684] [685] [686] [687] [688] [689] [690] [691] [692] [693] [694] [695]
[696] [697] [698]
\openout15 = `sched.tmp'.

 (./sched.tmp)
\openout15 = `sched.tmp'.

 (./sched.tmp)
--- file labelSECTPINITapeInitializationFile.html ---
 [699

] [700] [701] [702] [703]
[704] [705] [706] [707] [708] [709] [710] [711] [712] [713] [714] [715]
[716] [717] [718] [719] [720] [721]
\openout15 = `sched.tmp'.

 (./sched.tmp)
\openout15 = `sched.tmp'.

 (./sched.tmp)
--- file labelSECFRQCATFrequencyCatalog.html ---
 [722

] [723]
[724] [725] [726] [727] [728] [729] [730] [731] [732] [733] [734] [735]
[736] [737] [738] [739] [740]
\openout15 = `sched.tmp'.

 (./sched.tmp)
\openout15 = `sched.tmp'.

 (./sched.tmp)
--- file labelSECSETUPSSetupFiles.html ---
 [741

] [742] [743]
[744] [745] [746] [747] [748] [749] [750] [751] [752] [753] [754] [755]
File: ../setups/vgeo-256-8-2.set  (verbatim)

[756] [757] [758] [759] [760] [761] [762] [763] [764] [765] [766] [767]
[768] [769] [770] [771] [772] [773] [774] [775] [776] [777] [778] [779]
[780] [781] [782] [783] [784] [785] [786] [787] [788] [789] [790] [791]
[792] [793] [794] [795] [796] [797] [798] [799] [800] [801] [802] [803]
[804] [805] [806] [807] [808] [809] [810] [811] [812] [813] [814] [815]
[816] [817] [818] [819] [820] [821] [822] [823] [824] [825] [826] [827]
[828] [829] [830] [831] [832] [833] [834] [835] [836] [837] [838] [839]
[840] [841] [842] [843] [844] [845] [846] [847] [848] [849] [850] [851]
[852] [853] [854] [855] [856] [857] [858] [859] [860] [861]
\openout15 = `sched.tmp'.

 (./sched.tmp)
\openout15 = `sched.tmp'.


(./sched.tmp)
--- file labelSECSATINITSatelliteInitialization.html ---
 [862

] [863

] [864

]
Chapter 4.
\openout15 = `sched.tmp'.

(./sched.tmp)
\openout15 = `sched.tmp'.

 (./sched.tmp)
--- file labelCHPSYSTEMINSTALLINGANDRUNNINGSCHED.html ---
 (./sched.4ct)
\openout15 = `sched.tmp'.

 (./sched.tmp)
\openout15 = `sched.tmp'.

 (./sched.tmp)
--- file labelSECINSTALLInstallingSCHED.html ---
 [865

]
[866] [867] [868] [869] [870] [871] [872] [873] [874] [875] [876] [877]
[878] [879] [880] [881] [882] [883] [884] [885] [886] [887] [888] [889]
[890] [891]
\openout15 = `sched.tmp'.

 (./sched.tmp)
\openout15 = `sched.tmp'.

 (./sched.tmp)
--- file labelSECRUNSCHEDRunningSCHED.html ---
 [892

] [893] [894] [895] [896]
\openout15 = `sched.tmp'.


(./sched.tmp)
\openout15 = `sched.tmp'.

 (./sched.tmp)
--- file labelSECDISFILDistributionofScheduleFiles.html ---
 [897

]
\openout15 = `sched.tmp'.

 (./sched.tmp)
\openout15 = `sched.tmp'.

 (./sched.tmp)
--- file labelSECRELATEDPROGRAMSRelatedPrograms.html ---
 [898

] [899]
\openout15 = `sched.tmp'.


(./sched.tmp)
\openout15 = `sched.tmp'.

 (./sched.tmp)
--- file labelSECRELEASEReleaseInstructions.html ---
 [900

] [901] [902] [903] [904] [905] [906] [907]
[908] [909] [910] [911] [912] [913] [914] [915] [916] [917] [918] [919]
[920] [921] [922] [923] [924] [925]
l. 14738 Writing sched.idv[1] (sched0x.png)
 [926] [927] [928] [929] [930] [931]
[932] [933] [934

] [935

]
Chapter 5.
\openout15 = `sched.tmp'.

(./sched.tmp)
\openout15 = `sched.tmp'.

 (./sched.tmp)
--- file labelCHPCHANGRELEASENOTES.html ---
 (./sched.4ct)
\openout15 = `sched.tmp'.

 (./sched.tmp)
\openout15 = `sched.tmp'.

 (./sched.tmp)
--- file labelSECCURRENTRecentReleases.html ---
 [936

]
[937] [938] [939] [940] [941] [942] [943] [944] [945] [946] [947] [948]
[949] [950] [951] [952] [953] [954] [955] [956] [957] [958] [959] [960]
[961] [962] [963] [964] [965] [966] [967] [968] [969] [970] [971] [972]
[973] [974] [975] [976] [977] [978] [979] [980] [981] [982] [983] [984]
[985] [986] [987] [988] [989] [990] [991] [992] [993] [994] [995] [996]
[997] [998] [999] [1000] [1001] [1002] [1003] [1004] [1005] [1006] [1007]
[1008] [1009] [1010] [1011] [1012] [1013] [1014] [1015] [1016] [1017] [1018]
[1019] [1020] [1021] [1022] [1023] [1024] [1025] [1026] [1027] [1028] [1029]
[1030] [1031] [1032] [1033] [1034] [1035] [1036] [1037] [1038] [1039] [1040]
[1041] [1042] [1043] [1044] [1045] [1046] [1047] [1048] [1049] [1050] [1051]
[1052] [1053] [1054] [1055] [1056] [1057] [1058] [1059] [1060] [1061] [1062]
[1063] [1064] [1065] [1066] [1067] [1068] [1069] [1070] [1071] [1072] [1073]
[1074] [1075] [1076] [1077] [1078] [1079] [1080] [1081] [1082] [1083] [1084]
[1085]
\openout15 = `sched.tmp'.

 (./sched.tmp)
\openout15 = `sched.tmp'.

 (./sched.tmp)
--- file labelSSECOLDRELEASEOldReleases.html ---
 [1086

] [1087] [1088] [1089] [1090] [1091]
[1092] [1093] [1094] [1095] [1096] [1097] [1098] [1099] [1100] [1101] [1102]
[1103] [1104] [1105] [1106] [1107] [1108] [1109] [1110] [1111] [1112] [1113]
[1114] [1115] [1116] [1117] [1118] [1119] [1120] [1121] [1122] [1123] [1124]
[1125] [1126] [1127] [1128] [1129] [1130] [1131] [1132] [1133] [1134] [1135]
[1136] [1137] [1138] [1139] [1140] [1141] [1142] [1143] [1144] [1145] [1146]
[1147] [1148] [1149] [1150] [1151] [1152] [1153] [1154] [1155] [1156] [1157]
[1158] [1159] [1160] [1161] [1162] [1163] [1164] [1165] [1166] [1167] [1168]
[1169] [1170] [1171] [1172] [1173] [1174] [1175] [1176] [1177] [1178] [1179]
[1180] [1181] [1182] [1183] [1184] [1185] [1186] [1187] [1188] [1189] [1190]
[1191] [1192] [1193] [1194] [1195] [1196] [1197] [1198] [1199] [1200] [1201]
[1202] [1203] [1204] [1205] [1206] [1207] [1208] [1209] [1210] [1211] [1212]
[1213] [1214] [1215] [1216] [1217] [1218] [1219] [1220] [1221] [1222] [1223]
[1224] [1225] [1226] [1227] [1228] [1229] [1230] [1231] [1232] [1233] [1234]
[1235] [1236] [1237] [1238] [1239] [1240] [1241] [1242] [1243] [1244] [1245]
[1246] [1247] [1248] [1249] [1250] [1251] [1252] [1253] [1254] [1255] [1256]
[1257] [1258] [1259] [1260] [1261] [1262] [1263] [1264] [1265] [1266] [1267]
[1268] [1269] [1270] [1271] [1272] [1273] [1274] [1275] [1276] [1277] [1278]
[1279] [1280] [1281] [1282] [1283] [1284] [1285] [1286] [1287] [1288] [1289]
[1290] [1291] [1292] [1293] [1294] [1295] [1296] [1297] [1298] [1299] [1300]
[1301] [1302] [1303] [1304] [1305] [1306] [1307] [1308] [1309] [1310] [1311]
[1312] [1313] [1314] [1315] [1316] [1317] [1318] [1319] [1320] [1321] [1322]
[1323] [1324] [1325] [1326] [1327] [1328] [1329] [1330] [1331] [1332] [1333]
[1334] [1335] [1336] [1337] [1338] [1339] [1340] [1341] [1342] [1343] [1344]
[1345] [1346] [1347] [1348] [1349] [1350] [1351] [1352] [1353] [1354] [1355]
[1356] [1357] [1358] [1359] [1360] [1361] [1362] [1363] [1364] [1365] [1366]
[1367] [1368] [1369] [1370] [1371] [1372] [1373] [1374] [1375] [1376] [1377]
[1378] [1379] [1380] [1381] [1382] [1383] [1384] [1385] [1386] [1387] [1388]
[1389] [1390] [1391] [1392] [1393] [1394] [1395] [1396] [1397] [1398] [1399]
[1400] [1401] [1402] [1403] [1404] [1405] [1406] [1407] [1408] [1409] [1410]
[1411] [1412] [1413] [1414] [1415] [1416] [1417] [1418] [1419] [1420] [1421]
[1422] [1423] [1424] [1425] [1426] [1427] [1428] [1429] [1430] [1431] [1432]
[1433] [1434] [1435] [1436] [1437] [1438] [1439] [1440] [1441] [1442] [1443]
[1444] [1445] [1446] [1447] [1448] [1449] [1450] [1451] [1452] [1453] [1454]
[1455] [1456] [1457] [1458] [1459] [1460] [1461] [1462] [1463] [1464] [1465]
[1466] [1467] [1468] [1469] [1470] [1471] [1472] [1473] [1474] [1475] [1476]
[1477] [1478] [1479] [1480] [1481] [1482] [1483] [1484] [1485] [1486] [1487]
[1488] [1489] [1490] [1491] [1492] [1493] [1494] [1495] [1496] [1497] [1498]
[1499] [1500] [1501] [1502] [1503] [1504] [1505] [1506] [1507] [1508] [1509]
[1510] [1511] [1512] [1513] [1514] [1515] [1516] [1517] [1518] [1519] [1520]
[1521] [1522] [1523] [1524] [1525] [1526]
\openout15 = `sched.tmp'.

 (./sched.tmp)
\openout15 = `sched.tmp'.

 (./sched.tmp)
--- file labelSSECWISHWishList.html ---
 [1527

]
[1528] [1529] [1530] [1531] [1532] [1533] [1534] [1535] [1536] [1537] [1538]
[1539] [1540] [1541] [1542] [1543] [1544] [1545] [1546] [1547] [1548] [1549]
[1550] [1551] [1552] [1553] [1554] [1555] [1556] [1557] [1558] [1559] [1560]
[1561] [1562] [1563] [1564] [1565] [1566] [1567] [1568] [1569] [1570

] [1571

]
Appendix A.
\openout15 = `sched.tmp'.

(./sched.tmp)
\openout15 = `sched.tmp'.

 (./sched.tmp)
--- file labelAPPAPPENDICESAPPENDICES.html ---
 (./sched.4ct)
\openout15 = `sched.tmp'.

 (./sched.tmp)
\openout15 = `sched.tmp'.

 (./sched.tmp)
--- file labelAPPSTACODESStationCodes.html ---
 [1572

]
[1573] [1574] [1575]
\openout15 = `sched.tmp'.

 (./sched.tmp)
\openout15 = `sched.tmp'.

 (./sched.tmp)
--- file labelSECHISTHistoricalNotes.html ---
 [1576

] [1577

] [1578

]
Appendix B.
\openout15 = `sched.tmp'.

(./sched.tmp)
\openout15 = `sched.tmp'.

 (./sched.tmp)
--- file labelAPPOBSOLETEOBSOLETESECTIONS.html ---
 (./sched.4ct)
\openout15 = `sched.tmp'.

 (./sched.tmp)
\openout15 = `sched.tmp'.

 (./sched.tmp)
--- file labelSECOLDVLAOldVLA.html ---
 [1579

]
[1580] [1581] [1582]
File: ../examples/manual_vla-cc.set  (verbatim)
 [1583] [1584] [1585] [1586] [1587] [1588] [1589] [1590]
[1591] [1592] [1593] [1594] [1595] [1596] [1597] [1598] [1599] [1600] [1601]
[1602] [1603] [1604] [1605]
\openout15 = `sched.tmp'.

 (./sched.tmp)
\openout15 = `sched.tmp'.

 (./sched.tmp)
--- file labelSSECTAPEMANAGEMENTTapeManagement.html ---
 [1606

] [1607] [1608]
[1609] [1610] [1611] [1612] [1613] [1614] [1615]
\openout15 = `sched.tmp'.

 (./sched.tmp)
\openout15 = `sched.tmp'.

 (./sched.tmp)
--- file labelSECMKIIIMarkIIIObservations.html ---

[1616

] [1617]
\openout15 = `sched.tmp'.

 (./sched.tmp)
\openout15 = `sched.tmp'.

 (./sched.tmp)
--- file labelSECMKIISchedulingMarkIIObservations.html ---
 [1618

] [1619] [1620] [1621] [1622]
[1623]
\openout15 = `sched.tmp'.

 (./sched.tmp)
\openout15 = `sched.tmp'.

 (./sched.tmp)
--- file labelAPPHEADHeadPositionsandTrackAssignments.html ---
 [1624

] [1625] [1626] [1627] [1628] [1629]
\openout15 = `sched.tmp'.


(./sched.tmp)
\openout15 = `sched.tmp'.

 (./sched.tmp)
--- file labelSSECS2S2.html ---
 [1630

] [1631] [1632] [1633] [1634] [1635]
\openout15 = `sched.tmp'.


(./sched.tmp)
\openout15 = `sched.tmp'.

 (./sched.tmp)
--- file labelSSECGBGreenBank140.html ---
 [1636

]
\openout15 = `sched.tmp'.

 (./sched.tmp)
\openout15 = `sched.tmp'.

 (./sched.tmp)
--- file labelAPPMac2003InstallationonMacOSX103in2003.html ---
 [1637

] [1638]
Package atveryend Info: Empty hook `BeforeClearDocument' on input line 21124.

[1639

]
Package atveryend Info: Empty hook `AfterLastShipout' on input line 21124.
 (./sched.aux)
Package atveryend Info: Empty hook `AtVeryEndDocument' on input line 21124.
Package atveryend Info: Empty hook `AtEndAfterFileList' on input line 21124.
Package atveryend Info: Empty hook `AtVeryVeryEnd' on input line 21124.
 ) 
Here is how much of TeX's memory you used:
 10173 strings out of 493118
 152897 string characters out of 6115034
 339060 words of memory out of 5000000
 13281 multiletter control sequences out of 15000+600000
 9669 words of font info for 34 fonts, out of 8000000 for 9000
 1141 hyphenation exceptions out of 8191
 37i,6n,27p,931b,1151s stack positions out of 5000i,500n,10000p,200000b,80000s

Output written on sched.dvi (1641 pages, 2807512 bytes).
